This is pdfTeX, Version 3.141592653-2.6-1.40.24 (MiKTeX 22.1) (preloaded format=pdflatex 2025.4.1)  1 APR 2025 12:17
entering extended mode
 restricted \write18 enabled.
 %&-line parsing enabled.
**report/report.tex report.pdf
(report/report.tex
LaTeX2e <2024-11-01> patch level 2
L3 programming layer <2025-01-18>

(/Users/daviderossi/Library/Application Support/MiKTeX/texmfs/install/tex/latex
/base/report.cls
Document Class: report 2024/06/29 v1.4n Standard LaTeX document class

(/Users/daviderossi/Library/Application Support/MiKTeX/texmfs/install/tex/latex
/base/size12.clo
File: size12.clo 2024/06/29 v1.4n Standard LaTeX file (size option)
)
\c@part=\count196
\c@chapter=\count197
\c@section=\count198
\c@subsection=\count199
\c@subsubsection=\count266
\c@paragraph=\count267
\c@subparagraph=\count268
\c@figure=\count269
\c@table=\count270
\abovecaptionskip=\skip49
\belowcaptionskip=\skip50
\bibindent=\dimen141
)
(/Users/daviderossi/Library/Application Support/MiKTeX/texmfs/install/tex/latex
/base/alltt.sty
Package: alltt 2024/07/07 v2.0g defines alltt environment
)
(/Users/daviderossi/Library/Application Support/MiKTeX/texmfs/install/tex/latex
/fancyvrb/fancyvrb.sty
Package: fancyvrb 2024/01/20 4.5c verbatim text (tvz,hv)

(/Users/daviderossi/Library/Application Support/MiKTeX/texmfs/install/tex/latex
/graphics/keyval.sty
Package: keyval 2022/05/29 v1.15 key=value parser (DPC)
\KV@toks@=\toks17
)
\FV@CodeLineNo=\count271
\FV@InFile=\read2
\FV@TabBox=\box52
\c@FancyVerbLine=\count272
\FV@StepNumber=\count273
\FV@OutFile=\write3
)
(/Users/daviderossi/Library/Application Support/MiKTeX/texmfs/install/tex/latex
/url/url.sty
\Urlmuskip=\muskip17
Package: url 2013/09/16  ver 3.4  Verb mode for urls, etc.
)
(/Users/daviderossi/Library/Application Support/MiKTeX/texmfs/install/tex/latex
/graphics/graphicx.sty
Package: graphicx 2021/09/16 v1.2d Enhanced LaTeX Graphics (DPC,SPQR)

(/Users/daviderossi/Library/Application Support/MiKTeX/texmfs/install/tex/latex
/graphics/graphics.sty
Package: graphics 2024/08/06 v1.4g Standard LaTeX Graphics (DPC,SPQR)

(/Users/daviderossi/Library/Application Support/MiKTeX/texmfs/install/tex/latex
/graphics/trig.sty
Package: trig 2023/12/02 v1.11 sin cos tan (DPC)
)
(/Users/daviderossi/Library/Application Support/MiKTeX/texmfs/install/tex/latex
/graphics-cfg/graphics.cfg
File: graphics.cfg 2016/06/04 v1.11 sample graphics configuration
)
Package graphics Info: Driver file: pdftex.def on input line 106.

(/Users/daviderossi/Library/Application Support/MiKTeX/texmfs/install/tex/latex
/graphics-def/pdftex.def
File: pdftex.def 2024/04/13 v1.2c Graphics/color driver for pdftex
))
\Gin@req@height=\dimen142
\Gin@req@width=\dimen143
)
(/Users/daviderossi/Library/Application Support/MiKTeX/texmfs/install/tex/latex
/base/inputenc.sty
Package: inputenc 2024/02/08 v1.3d Input encoding file
\inpenc@prehook=\toks18
\inpenc@posthook=\toks19
)
(/Users/daviderossi/Library/Application Support/MiKTeX/texmfs/install/tex/latex
/float/float.sty
Package: float 2001/11/08 v1.3d Float enhancements (AL)
\c@float@type=\count274
\float@exts=\toks20
\float@box=\box53
\@float@everytoks=\toks21
\@floatcapt=\box54
)
(/Users/daviderossi/Library/Application Support/MiKTeX/texmfs/install/tex/latex
/xcolor/xcolor.sty
Package: xcolor 2024/09/29 v3.02 LaTeX color extensions (UK)

(/Users/daviderossi/Library/Application Support/MiKTeX/texmfs/install/tex/latex
/graphics-cfg/color.cfg
File: color.cfg 2016/01/02 v1.6 sample color configuration
)
Package xcolor Info: Driver file: pdftex.def on input line 274.

(/Users/daviderossi/Library/Application Support/MiKTeX/texmfs/install/tex/latex
/graphics/mathcolor.ltx)
Package xcolor Info: Model `cmy' substituted by `cmy0' on input line 1349.
Package xcolor Info: Model `hsb' substituted by `rgb' on input line 1353.
Package xcolor Info: Model `RGB' extended on input line 1365.
Package xcolor Info: Model `HTML' substituted by `rgb' on input line 1367.
Package xcolor Info: Model `Hsb' substituted by `hsb' on input line 1368.
Package xcolor Info: Model `tHsb' substituted by `hsb' on input line 1369.
Package xcolor Info: Model `HSB' substituted by `hsb' on input line 1370.
Package xcolor Info: Model `Gray' substituted by `gray' on input line 1371.
Package xcolor Info: Model `wave' substituted by `hsb' on input line 1372.
)
(/Users/daviderossi/Library/Application Support/MiKTeX/texmfs/install/tex/latex
/hyperref/hyperref.sty
Package: hyperref 2024-11-05 v7.01l Hypertext links for LaTeX

(/Users/daviderossi/Library/Application Support/MiKTeX/texmfs/install/tex/gener
ic/iftex/iftex.sty
Package: iftex 2024/12/12 v1.0g TeX engine tests
)
(/Users/daviderossi/Library/Application Support/MiKTeX/texmfs/install/tex/latex
/kvsetkeys/kvsetkeys.sty
Package: kvsetkeys 2022-10-05 v1.19 Key value parser (HO)
)
(/Users/daviderossi/Library/Application Support/MiKTeX/texmfs/install/tex/gener
ic/kvdefinekeys/kvdefinekeys.sty
Package: kvdefinekeys 2019-12-19 v1.6 Define keys (HO)
)
(/Users/daviderossi/Library/Application Support/MiKTeX/texmfs/install/tex/gener
ic/pdfescape/pdfescape.sty
Package: pdfescape 2019/12/09 v1.15 Implements pdfTeX's escape features (HO)

(/Users/daviderossi/Library/Application Support/MiKTeX/texmfs/install/tex/gener
ic/ltxcmds/ltxcmds.sty
Package: ltxcmds 2023-12-04 v1.26 LaTeX kernel commands for general use (HO)
)
(/Users/daviderossi/Library/Application Support/MiKTeX/texmfs/install/tex/gener
ic/pdftexcmds/pdftexcmds.sty
Package: pdftexcmds 2020-06-27 v0.33 Utility functions of pdfTeX for LuaTeX (HO
)

(/Users/daviderossi/Library/Application Support/MiKTeX/texmfs/install/tex/gener
ic/infwarerr/infwarerr.sty
Package: infwarerr 2019/12/03 v1.5 Providing info/warning/error messages (HO)
)
Package pdftexcmds Info: \pdf@primitive is available.
Package pdftexcmds Info: \pdf@ifprimitive is available.
Package pdftexcmds Info: \pdfdraftmode found.
))
(/Users/daviderossi/Library/Application Support/MiKTeX/texmfs/install/tex/latex
/hycolor/hycolor.sty
Package: hycolor 2020-01-27 v1.10 Color options for hyperref/bookmark (HO)
)
(/Users/daviderossi/Library/Application Support/MiKTeX/texmfs/install/tex/latex
/hyperref/nameref.sty
Package: nameref 2023-11-26 v2.56 Cross-referencing by name of section

(/Users/daviderossi/Library/Application Support/MiKTeX/texmfs/install/tex/latex
/refcount/refcount.sty
Package: refcount 2019/12/15 v3.6 Data extraction from label references (HO)
)
(/Users/daviderossi/Library/Application Support/MiKTeX/texmfs/install/tex/gener
ic/gettitlestring/gettitlestring.sty
Package: gettitlestring 2019/12/15 v1.6 Cleanup title references (HO)

(/Users/daviderossi/Library/Application Support/MiKTeX/texmfs/install/tex/latex
/kvoptions/kvoptions.sty
Package: kvoptions 2022-06-15 v3.15 Key value format for package options (HO)
))
\c@section@level=\count275
)
(/Users/daviderossi/Library/Application Support/MiKTeX/texmfs/install/tex/latex
/etoolbox/etoolbox.sty
Package: etoolbox 2025/02/11 v2.5l e-TeX tools for LaTeX (JAW)
\etb@tempcnta=\count276
)
(/Users/daviderossi/Library/Application Support/MiKTeX/texmfs/install/tex/gener
ic/stringenc/stringenc.sty
Package: stringenc 2019/11/29 v1.12 Convert strings between diff. encodings (HO
)
)
\@linkdim=\dimen144
\Hy@linkcounter=\count277
\Hy@pagecounter=\count278

(/Users/daviderossi/Library/Application Support/MiKTeX/texmfs/install/tex/latex
/hyperref/pd1enc.def
File: pd1enc.def 2024-11-05 v7.01l Hyperref: PDFDocEncoding definition (HO)
Now handling font encoding PD1 ...
... no UTF-8 mapping file for font encoding PD1
)
(/Users/daviderossi/Library/Application Support/MiKTeX/texmfs/install/tex/gener
ic/intcalc/intcalc.sty
Package: intcalc 2019/12/15 v1.3 Expandable calculations with integers (HO)
)
\Hy@SavedSpaceFactor=\count279

(/Users/daviderossi/Library/Application Support/MiKTeX/texmfs/install/tex/latex
/hyperref/puenc.def
File: puenc.def 2024-11-05 v7.01l Hyperref: PDF Unicode definition (HO)
Now handling font encoding PU ...
... no UTF-8 mapping file for font encoding PU
)
Package hyperref Info: Hyper figures OFF on input line 4157.
Package hyperref Info: Link nesting OFF on input line 4162.
Package hyperref Info: Hyper index ON on input line 4165.
Package hyperref Info: Plain pages OFF on input line 4172.
Package hyperref Info: Backreferencing OFF on input line 4177.
Package hyperref Info: Implicit mode ON; LaTeX internals redefined.
Package hyperref Info: Bookmarks ON on input line 4424.
\c@Hy@tempcnt=\count280
LaTeX Info: Redefining \url on input line 4763.
\XeTeXLinkMargin=\dimen145

(/Users/daviderossi/Library/Application Support/MiKTeX/texmfs/install/tex/gener
ic/bitset/bitset.sty
Package: bitset 2019/12/09 v1.3 Handle bit-vector datatype (HO)

(/Users/daviderossi/Library/Application Support/MiKTeX/texmfs/install/tex/gener
ic/bigintcalc/bigintcalc.sty
Package: bigintcalc 2019/12/15 v1.5 Expandable calculations on big integers (HO
)
))
\Fld@menulength=\count281
\Field@Width=\dimen146
\Fld@charsize=\dimen147
Package hyperref Info: Hyper figures OFF on input line 6042.
Package hyperref Info: Link nesting OFF on input line 6047.
Package hyperref Info: Hyper index ON on input line 6050.
Package hyperref Info: backreferencing OFF on input line 6057.
Package hyperref Info: Link coloring OFF on input line 6062.
Package hyperref Info: Link coloring with OCG OFF on input line 6067.
Package hyperref Info: PDF/A mode OFF on input line 6072.

(/Users/daviderossi/Library/Application Support/MiKTeX/texmfs/install/tex/latex
/base/atbegshi-ltx.sty
Package: atbegshi-ltx 2021/01/10 v1.0c Emulation of the original atbegshi
package with kernel methods
)
\Hy@abspage=\count282
\c@Item=\count283
\c@Hfootnote=\count284
)
Package hyperref Info: Driver (autodetected): hpdftex.

(/Users/daviderossi/Library/Application Support/MiKTeX/texmfs/install/tex/latex
/hyperref/hpdftex.def
File: hpdftex.def 2024-11-05 v7.01l Hyperref driver for pdfTeX

(/Users/daviderossi/Library/Application Support/MiKTeX/texmfs/install/tex/latex
/base/atveryend-ltx.sty
Package: atveryend-ltx 2020/08/19 v1.0a Emulation of the original atveryend pac
kage
with kernel methods
)
\Fld@listcount=\count285
\c@bookmark@seq@number=\count286

(/Users/daviderossi/Library/Application Support/MiKTeX/texmfs/install/tex/latex
/rerunfilecheck/rerunfilecheck.sty
Package: rerunfilecheck 2022-07-10 v1.10 Rerun checks for auxiliary files (HO)

(/Users/daviderossi/Library/Application Support/MiKTeX/texmfs/install/tex/gener
ic/uniquecounter/uniquecounter.sty
Package: uniquecounter 2019/12/15 v1.4 Provide unlimited unique counter (HO)
)
Package uniquecounter Info: New unique counter `rerunfilecheck' on input line 2
85.
)
\Hy@SectionHShift=\skip51
)
(/Users/daviderossi/Library/Application Support/MiKTeX/texmfs/install/tex/gener
ic/babel/babel.sty
Package: babel 2025/03/27 v25.6 The multilingual framework for pdfLaTeX, LuaLaT
eX and XeLaTeX
\babel@savecnt=\count287
\U@D=\dimen148
\l@unhyphenated=\language79

(/Users/daviderossi/Library/Application Support/MiKTeX/texmfs/install/tex/gener
ic/babel/txtbabel.def)
\bbl@readstream=\read3
\bbl@dirlevel=\count288

*************************************
* Local config file bblopts.cfg used
*

(/Users/daviderossi/Library/Application Support/MiKTeX/texmfs/install/tex/latex
/arabi/bblopts.cfg
File: bblopts.cfg 2005/09/08 v0.1 add Arabic and Farsi to "declared" options of
 babel
)
(/Users/daviderossi/Library/Application Support/MiKTeX/texmfs/install/tex/latex
/babel-italian/italian.ldf
Language: italian 2024/10/10 v.1.5.01 Italian support for the babel system
\it@lettering=\count289
\it@doublequoteactive=\count290
\it@ISOcompliance=\count291
))
(/Users/daviderossi/Library/Application Support/MiKTeX/texmfs/install/tex/gener
ic/babel/locale/it/babel-italian.tex
Package babel Info: Importing font and identification data for italian
(babel)             from babel-it.ini. Reported on input line 11.
)
(/Users/daviderossi/Library/Application Support/MiKTeX/texmfs/install/tex/latex
/cleveref/cleveref.sty
Package: cleveref 2018/03/27 v0.21.4 Intelligent cross-referencing
Package cleveref Info: `hyperref' support loaded on input line 2370.
LaTeX Info: Redefining \cref on input line 2370.
LaTeX Info: Redefining \Cref on input line 2370.
LaTeX Info: Redefining \crefrange on input line 2370.
LaTeX Info: Redefining \Crefrange on input line 2370.
LaTeX Info: Redefining \cpageref on input line 2370.
LaTeX Info: Redefining \Cpageref on input line 2370.
LaTeX Info: Redefining \cpagerefrange on input line 2370.
LaTeX Info: Redefining \Cpagerefrange on input line 2370.
LaTeX Info: Redefining \labelcref on input line 2370.
LaTeX Info: Redefining \labelcpageref on input line 2370.
)
(/Users/daviderossi/Library/Application Support/MiKTeX/texmfs/install/tex/latex
/l3backend/l3backend-pdftex.def
File: l3backend-pdftex.def 2024-05-08 L3 backend support: PDF output (pdfTeX)
\l__color_backend_stack_int=\count292
\l__pdf_internal_box=\box55
) (report.aux)
\openout1 = `report.aux'.

LaTeX Font Info:    Checking defaults for OML/cmm/m/it on input line 21.
LaTeX Font Info:    ... okay on input line 21.
LaTeX Font Info:    Checking defaults for OMS/cmsy/m/n on input line 21.
LaTeX Font Info:    ... okay on input line 21.
LaTeX Font Info:    Checking defaults for OT1/cmr/m/n on input line 21.
LaTeX Font Info:    ... okay on input line 21.
LaTeX Font Info:    Checking defaults for T1/cmr/m/n on input line 21.
LaTeX Font Info:    ... okay on input line 21.
LaTeX Font Info:    Checking defaults for TS1/cmr/m/n on input line 21.
LaTeX Font Info:    ... okay on input line 21.
LaTeX Font Info:    Checking defaults for OMX/cmex/m/n on input line 21.
LaTeX Font Info:    ... okay on input line 21.
LaTeX Font Info:    Checking defaults for U/cmr/m/n on input line 21.
LaTeX Font Info:    ... okay on input line 21.
LaTeX Font Info:    Checking defaults for PD1/pdf/m/n on input line 21.
LaTeX Font Info:    ... okay on input line 21.
LaTeX Font Info:    Checking defaults for PU/pdf/m/n on input line 21.
LaTeX Font Info:    ... okay on input line 21.

(/Users/daviderossi/Library/Application Support/MiKTeX/texmfs/install/tex/conte
xt/base/mkii/supp-pdf.mkii
[Loading MPS to PDF converter (version 2006.09.02).]
\scratchcounter=\count293
\scratchdimen=\dimen149
\scratchbox=\box56
\nofMPsegments=\count294
\nofMParguments=\count295
\everyMPshowfont=\toks22
\MPscratchCnt=\count296
\MPscratchDim=\dimen150
\MPnumerator=\count297
\makeMPintoPDFobject=\count298
\everyMPtoPDFconversion=\toks23
)
(/Users/daviderossi/Library/Application Support/MiKTeX/texmfs/install/tex/latex
/epstopdf-pkg/epstopdf-base.sty
Package: epstopdf-base 2020-01-24 v2.11 Base part for package epstopdf

(/Users/daviderossi/Library/Application Support/MiKTeX/texmfs/install/tex/latex
/grfext/grfext.sty
Package: grfext 2019/12/03 v1.3 Manage graphics extensions (HO)
)
Package epstopdf-base Info: Redefining graphics rule for `.eps' on input line 4
85.
Package grfext Info: Graphics extension search list:
(grfext)             [.pdf,.png,.jpg,.mps,.jpeg,.jbig2,.jb2,.PDF,.PNG,.JPG,.JPE
G,.JBIG2,.JB2,.eps]
(grfext)             \AppendGraphicsExtensions on input line 504.

(/Users/daviderossi/Library/Application Support/MiKTeX/texmfs/install/tex/latex
/00miktex/epstopdf-sys.cfg
File: epstopdf-sys.cfg 2021/03/18 v2.0 Configuration of epstopdf for MiKTeX
))
Package hyperref Info: Link coloring OFF on input line 21.
 (report.out) (report.out)
\@outlinefile=\write4
\openout4 = `report.out'.

LaTeX Info: Redefining \it@ocap on input line 21.
LaTeX Info: Redefining \it@ccap on input line 21.


File italian.ldf warning: 
italian.ldf    With OT1 encoding guillemets are poorly faked
italian.ldf    Use T1 encoding
italian.ldf    or specify a font with command \CaporaliFrom
italian.ldf    See the documentation concerning the babel-italian typesetting
italian.ldf    on input line 21.

LaTeX Font Info:    External font `cmex10' loaded for size
(Font)              <14.4> on input line 24.
LaTeX Font Info:    External font `cmex10' loaded for size
(Font)              <7> on input line 24.


[1

{/Users/daviderossi/Library/Application Support/MiKTeX/texmfs/data/fonts/map/pd
ftex/pdftex.map}] (report.aux
Package cleveref Info: loaded `italian' language definitions on input line 7.
Package cleveref Info: loaded `italian' language definitions on input line 8.
)
 ***********
LaTeX2e <2024-11-01> patch level 2
L3 programming layer <2025-01-18>
 ***********
Package rerunfilecheck Info: File `report.out' has not changed.
(rerunfilecheck)             Checksum: D41D8CD98F00B204E9800998ECF8427E;0.
 ) 
Here is how much of TeX's memory you used:
 12280 strings out of 473530
 212022 string characters out of 5703216
 669472 words of memory out of 5000000
 35390 multiletter control sequences out of 15000+600000
 560347 words of font info for 41 fonts, out of 8000000 for 9000
 1141 hyphenation exceptions out of 8191
 75i,6n,79p,250b,468s stack positions out of 10000i,1000n,20000p,200000b,200000s
</Users/daviderossi/Library/Application Support/MiKTeX/texmfs/install/fonts/t
ype1/public/amsfonts/cm/cmr12.pfb></Users/daviderossi/Library/Application Suppo
rt/MiKTeX/texmfs/install/fonts/type1/public/amsfonts/cm/cmr17.pfb>
Output written on report.pdf (1 page, 24119 bytes).
PDF statistics:
 21 PDF objects out of 1000 (max. 8388607)
 2 named destinations out of 1000 (max. 500000)
 1 words of extra memory for PDF output out of 10000 (max. 10000000)

